<?xml version="1.0" encoding="UTF-8"?>
<!-- Generated by org.testng.reporters.JUnitReportReporter -->
<testsuite skipped="8" hostname="Sadeklaptop" name="demo.CBT" tests="18" failures="0" timestamp="09 Feb 2019 07:35:25 GMT" time="58.792" errors="2">
  <testcase name="verifyTitle" time="0.000" classname="demo.CBT">
    <skipped/>
  </testcase> <!-- verifyTitle -->
  <testcase name="verifyTitle" time="0.000" classname="demo.CBT">
    <skipped/>
  </testcase> <!-- verifyTitle -->
  <testcase name="verifyTitle" time="0.883" classname="demo.CBT"/>
  <testcase name="verifyTitle" time="0.307" classname="demo.CBT"/>
  <testcase name="openBrowser" time="0.066" classname="demo.CBT">
    <error type="java.lang.NullPointerException">
      <![CDATA[java.lang.NullPointerException
at demo.CBT.openBrowser(CBT.java:49)
at sun.reflect.NativeMethodAccessorImpl.invoke0(Native Method)
at sun.reflect.NativeMethodAccessorImpl.invoke(Unknown Source)
at sun.reflect.DelegatingMethodAccessorImpl.invoke(Unknown Source)
at java.lang.reflect.Method.invoke(Unknown Source)
at org.testng.internal.MethodInvocationHelper.invokeMethod(MethodInvocationHelper.java:124)
at org.testng.internal.MethodInvocationHelper.invokeMethodConsideringTimeout(MethodInvocationHelper.java:59)
at org.testng.internal.Invoker.invokeConfigurationMethod(Invoker.java:455)
at org.testng.internal.Invoker.invokeConfigurations(Invoker.java:222)
at org.testng.internal.Invoker.invokeConfigurations(Invoker.java:142)
at org.testng.TestRunner.beforeRun(TestRunner.java:529)
at org.testng.TestRunner.run(TestRunner.java:497)
at org.testng.SuiteRunner.runTest(SuiteRunner.java:455)
at org.testng.SuiteRunner.access$000(SuiteRunner.java:40)
at org.testng.SuiteRunner$SuiteWorker.run(SuiteRunner.java:489)
at org.testng.internal.thread.ThreadUtil$1.call(ThreadUtil.java:52)
at java.util.concurrent.FutureTask.run(Unknown Source)
at java.util.concurrent.ThreadPoolExecutor.runWorker(Unknown Source)
at java.util.concurrent.ThreadPoolExecutor$Worker.run(Unknown Source)
at java.lang.Thread.run(Unknown Source)
]]>
    </error>
  </testcase> <!-- openBrowser -->
  <testcase name="openBrowser" time="50.630" classname="demo.CBT">
    <error type="org.openqa.selenium.WebDriverException" message="Timed out waiting 45 seconds for Firefox to start.
Build info: version: &#039;3.141.59&#039;, revision: &#039;e82be7d358&#039;, time: &#039;2018-11-14T08:25:48&#039;
System info: host: &#039;SADEKLAPTOP&#039;, ip: &#039;10.0.0.94&#039;, os.name: &#039;Windows 10&#039;, os.arch: &#039;amd64&#039;, os.version: &#039;10.0&#039;, java.version: &#039;1.8.0_201&#039;
Driver info: driver.version: FirefoxDriver">
      <![CDATA[org.openqa.selenium.WebDriverException: Timed out waiting 45 seconds for Firefox to start.
Build info: version: '3.141.59', revision: 'e82be7d358', time: '2018-11-14T08:25:48'
System info: host: 'SADEKLAPTOP', ip: '10.0.0.94', os.name: 'Windows 10', os.arch: 'amd64', os.version: '10.0', java.version: '1.8.0_201'
Driver info: driver.version: FirefoxDriver
at org.openqa.selenium.firefox.XpiDriverService.waitUntilAvailable(XpiDriverService.java:247)
at org.openqa.selenium.firefox.XpiDriverService.start(XpiDriverService.java:159)
at org.openqa.selenium.remote.service.DriverCommandExecutor.execute(DriverCommandExecutor.java:79)
at org.openqa.selenium.remote.RemoteWebDriver.execute(RemoteWebDriver.java:552)
at org.openqa.selenium.remote.RemoteWebDriver.startSession(RemoteWebDriver.java:213)
at org.openqa.selenium.remote.RemoteWebDriver.<init>(RemoteWebDriver.java:131)
at org.openqa.selenium.firefox.FirefoxDriver.<init>(FirefoxDriver.java:147)
at demo.CBT.openBrowser(CBT.java:41)
at sun.reflect.NativeMethodAccessorImpl.invoke0(Native Method)
at sun.reflect.NativeMethodAccessorImpl.invoke(Unknown Source)
at sun.reflect.DelegatingMethodAccessorImpl.invoke(Unknown Source)
at java.lang.reflect.Method.invoke(Unknown Source)
at org.testng.internal.MethodInvocationHelper.invokeMethod(MethodInvocationHelper.java:124)
at org.testng.internal.MethodInvocationHelper.invokeMethodConsideringTimeout(MethodInvocationHelper.java:59)
at org.testng.internal.Invoker.invokeConfigurationMethod(Invoker.java:455)
at org.testng.internal.Invoker.invokeConfigurations(Invoker.java:222)
at org.testng.internal.Invoker.invokeConfigurations(Invoker.java:142)
at org.testng.TestRunner.beforeRun(TestRunner.java:529)
at org.testng.TestRunner.run(TestRunner.java:497)
at org.testng.SuiteRunner.runTest(SuiteRunner.java:455)
at org.testng.SuiteRunner.access$000(SuiteRunner.java:40)
at org.testng.SuiteRunner$SuiteWorker.run(SuiteRunner.java:489)
at org.testng.internal.thread.ThreadUtil$1.call(ThreadUtil.java:52)
at java.util.concurrent.FutureTask.run(Unknown Source)
at java.util.concurrent.ThreadPoolExecutor.runWorker(Unknown Source)
at java.util.concurrent.ThreadPoolExecutor$Worker.run(Unknown Source)
at java.lang.Thread.run(Unknown Source)
Caused by: org.openqa.selenium.net.UrlChecker$TimeoutException: Timed out waiting for [http://localhost:8721/hub/status] to be available after 45056 ms
at org.openqa.selenium.net.UrlChecker.waitUntilAvailable(UrlChecker.java:100)
at org.openqa.selenium.firefox.XpiDriverService.waitUntilAvailable(XpiDriverService.java:245)
... 26 more
Caused by: java.util.concurrent.TimeoutException
at java.util.concurrent.FutureTask.get(Unknown Source)
at com.google.common.util.concurrent.SimpleTimeLimiter.callWithTimeout(SimpleTimeLimiter.java:156)
at org.openqa.selenium.net.UrlChecker.waitUntilAvailable(UrlChecker.java:75)
... 27 more
]]>
    </error>
  </testcase> <!-- openBrowser -->
  <testcase name="verifyText" time="0.483" classname="demo.CBT"/>
  <testcase name="verifyText" time="0.000" classname="demo.CBT">
    <skipped/>
  </testcase> <!-- verifyText -->
  <testcase name="verifyText" time="0.000" classname="demo.CBT">
    <skipped/>
  </testcase> <!-- verifyText -->
  <testcase name="verifyText" time="1.990" classname="demo.CBT"/>
  <testcase name="verifySignInBtnVisibility" time="0.000" classname="demo.CBT">
    <skipped/>
  </testcase> <!-- verifySignInBtnVisibility -->
  <testcase name="verifySignInBtnVisibility" time="1.579" classname="demo.CBT"/>
  <testcase name="verifySignInBtnVisibility" time="0.445" classname="demo.CBT"/>
  <testcase name="verifySignInBtnVisibility" time="0.000" classname="demo.CBT">
    <skipped/>
  </testcase> <!-- verifySignInBtnVisibility -->
  <testcase name="searchBtnDisabled" time="0.425" classname="demo.CBT"/>
  <testcase name="searchBtnDisabled" time="0.000" classname="demo.CBT">
    <skipped/>
  </testcase> <!-- searchBtnDisabled -->
  <testcase name="searchBtnDisabled" time="1.984" classname="demo.CBT"/>
  <testcase name="searchBtnDisabled" time="0.000" classname="demo.CBT">
    <skipped/>
  </testcase> <!-- searchBtnDisabled -->
</testsuite> <!-- demo.CBT -->
